2018-09-29 21:04:44.127 INFO [main]l.j.s.s.s.SpringBootSchedulerApplication.logStarting:50 -Starting SpringBootSchedulerApplication on DESKTOP-911MQL6 with PID 11948 (G:\workspace\spring-boot-scheduler\spring-boot-scheduler\target\classes started by DY in G:\workspace\spring-boot-scheduler\spring-boot-scheduler)
2018-09-29 21:04:44.130 INFO [main]l.j.s.s.s.SpringBootSchedulerApplication.logStartupProfileInfo:659 -No active profile set, falling back to default profiles: default
2018-09-29 21:04:44.158 INFO [main]o.s.b.w.s.c.AnnotationConfigServletWebServerApplicationContext.prepareRefresh:590 -Refreshing org.springframework.boot.web.servlet.context.AnnotationConfigServletWebServerApplicationContext@45b9a632: startup date [Sat Sep 29 21:04:44 CST 2018]; root of context hierarchy
2018-09-29 21:04:44.879 INFO [main]o.s.boot.web.embedded.tomcat.TomcatWebServer.initialize:91 -Tomcat initialized with port(s): 8080 (http)
2018-09-29 21:04:44.890 INFO [main]org.apache.coyote.http11.Http11NioProtocol.log:180 -Initializing ProtocolHandler ["http-nio-8080"]
2018-09-29 21:04:44.897 INFO [main]org.apache.catalina.core.StandardService.log:180 -Starting service [Tomcat]
2018-09-29 21:04:44.897 INFO [main]org.apache.catalina.core.StandardEngine.log:180 -Starting Servlet Engine: Apache Tomcat/8.5.31
2018-09-29 21:04:44.904 INFO [localhost-startStop-1]org.apache.catalina.core.AprLifecycleListener.log:180 -The APR based Apache Tomcat Native library which allows optimal performance in production environments was not found on the java.library.path: [D:\Java\jdk1.8.0_161\bin;C:\Windows\Sun\Java\bin;C:\Windows\system32;C:\Windows;C:/Program Files/Java/jre1.8.0_171/bin/server;C:/Program Files/Java/jre1.8.0_171/bin;C:/Program Files/Java/jre1.8.0_171/lib/amd64;F:\桌面整理\360Desktop;C:\Program Files (x86)\Common Files\Oracle\Java\javapath;C:\ProgramData\Oracle\Java\javapath;C:\Windows\system32;C:\Windows;C:\Windows\System32\Wbem;C:\Windows\System32\WindowsPowerShell\v1.0\;C:\Program Files (x86)\NVIDIA Corporation\PhysX\Common;G:\database\mysql\MySQL\MySQL Utilities 1.6\;%JAVA_HOME%\bin;%JAVA_HOME%\jre\bin;C:\Users\DY\AppData\Local\Microsoft\WindowsApps;D:\应用\网络抓包\Fiddler;D:\Maven\apache-maven-3.5.3\bin;;C:\Windows\system32;;.]
2018-09-29 21:04:44.964 INFO [localhost-startStop-1]o.a.catalina.core.ContainerBase.[Tomcat].[localhost].[/].log:180 -Initializing Spring embedded WebApplicationContext
2018-09-29 21:04:44.964 INFO [localhost-startStop-1]org.springframework.web.context.ContextLoader.prepareWebApplicationContext:285 -Root WebApplicationContext: initialization completed in 806 ms
2018-09-29 21:04:45.054 INFO [localhost-startStop-1]o.s.boot.web.servlet.ServletRegistrationBean.addRegistration:185 -Servlet dispatcherServlet mapped to [/]
2018-09-29 21:04:45.057 INFO [localhost-startStop-1]o.s.boot.web.servlet.FilterRegistrationBean.configure:244 -Mapping filter: 'characterEncodingFilter' to: [/*]
2018-09-29 21:04:45.057 INFO [localhost-startStop-1]o.s.boot.web.servlet.FilterRegistrationBean.configure:244 -Mapping filter: 'hiddenHttpMethodFilter' to: [/*]
2018-09-29 21:04:45.057 INFO [localhost-startStop-1]o.s.boot.web.servlet.FilterRegistrationBean.configure:244 -Mapping filter: 'httpPutFormContentFilter' to: [/*]
2018-09-29 21:04:45.057 INFO [localhost-startStop-1]o.s.boot.web.servlet.FilterRegistrationBean.configure:244 -Mapping filter: 'requestContextFilter' to: [/*]
2018-09-29 21:04:45.153 INFO [main]o.s.web.servlet.handler.SimpleUrlHandlerMapping.registerHandler:373 -Mapped URL path [/**/favicon.ico] onto handler of type [class org.springframework.web.servlet.resource.ResourceHttpRequestHandler]
2018-09-29 21:04:45.272 INFO [main]o.s.w.s.m.method.annotation.RequestMappingHandlerAdapter.initControllerAdviceCache:574 -Looking for @ControllerAdvice: org.springframework.boot.web.servlet.context.AnnotationConfigServletWebServerApplicationContext@45b9a632: startup date [Sat Sep 29 21:04:44 CST 2018]; root of context hierarchy
2018-09-29 21:04:45.314 INFO [main]o.s.w.s.m.method.annotation.RequestMappingHandlerMapping.register:547 -Mapped "{[/test],methods=[GET]}" onto public java.lang.String learning.java.spring.springboot.springbootscheduler.controller.RequestConroller.test() throws java.lang.InterruptedException
2018-09-29 21:04:45.315 INFO [main]o.s.w.s.m.method.annotation.RequestMappingHandlerMapping.register:547 -Mapped "{[/testGetAsync],methods=[GET]}" onto public java.lang.String learning.java.spring.springboot.springbootscheduler.controller.RequestConroller.testAsync() throws java.lang.InterruptedException
2018-09-29 21:04:45.317 INFO [main]o.s.w.s.m.method.annotation.RequestMappingHandlerMapping.register:547 -Mapped "{[/error]}" onto public org.springframework.http.ResponseEntity<java.util.Map<java.lang.String, java.lang.Object>> org.springframework.boot.autoconfigure.web.servlet.error.BasicErrorController.error(javax.servlet.http.HttpServletRequest)
2018-09-29 21:04:45.317 INFO [main]o.s.w.s.m.method.annotation.RequestMappingHandlerMapping.register:547 -Mapped "{[/error],produces=[text/html]}" onto public org.springframework.web.servlet.ModelAndView org.springframework.boot.autoconfigure.web.servlet.error.BasicErrorController.errorHtml(javax.servlet.http.HttpServletRequest,javax.servlet.http.HttpServletResponse)
2018-09-29 21:04:45.333 INFO [main]o.s.web.servlet.handler.SimpleUrlHandlerMapping.registerHandler:373 -Mapped URL path [/webjars/**] onto handler of type [class org.springframework.web.servlet.resource.ResourceHttpRequestHandler]
2018-09-29 21:04:45.333 INFO [main]o.s.web.servlet.handler.SimpleUrlHandlerMapping.registerHandler:373 -Mapped URL path [/**] onto handler of type [class org.springframework.web.servlet.resource.ResourceHttpRequestHandler]
2018-09-29 21:04:45.413 INFO [main]o.s.jmx.export.annotation.AnnotationMBeanExporter.afterSingletonsInstantiated:433 -Registering beans for JMX exposure on startup
2018-09-29 21:04:45.420 INFO [main]o.s.s.annotation.ScheduledAnnotationBeanPostProcessor.finishRegistration:275 -No TaskScheduler/ScheduledExecutorService bean found for scheduled processing
2018-09-29 21:04:45.428 INFO [main]org.apache.coyote.http11.Http11NioProtocol.log:180 -Starting ProtocolHandler ["http-nio-8080"]
2018-09-29 21:04:45.435 INFO [main]org.apache.tomcat.util.net.NioSelectorPool.log:180 -Using a shared selector for servlet write/read
2018-09-29 21:04:45.485 INFO [main]o.s.boot.web.embedded.tomcat.TomcatWebServer.start:206 -Tomcat started on port(s): 8080 (http) with context path ''
2018-09-29 21:04:45.488 INFO [main]l.j.s.s.s.SpringBootSchedulerApplication.logStarted:59 -Started SpringBootSchedulerApplication in 1.597 seconds (JVM running for 1.844)
2018-09-29 21:05:10.135 INFO [http-nio-8080-exec-1]o.a.catalina.core.ContainerBase.[Tomcat].[localhost].[/].log:180 -Initializing Spring FrameworkServlet 'dispatcherServlet'
2018-09-29 21:05:10.135 INFO [http-nio-8080-exec-1]org.springframework.web.servlet.DispatcherServlet.initServletBean:494 -FrameworkServlet 'dispatcherServlet': initialization started
2018-09-29 21:05:10.147 INFO [http-nio-8080-exec-1]org.springframework.web.servlet.DispatcherServlet.initServletBean:509 -FrameworkServlet 'dispatcherServlet': initialization completed in 11 ms
2018-09-29 21:05:10.165 INFO [http-nio-8080-exec-1]o.s.s.annotation.AnnotationAsyncExecutionInterceptor.getDefaultExecutor:248 -No task executor bean found for async processing: no bean of type TaskExecutor and no bean named 'taskExecutor' either
2018-09-29 21:05:10.170 INFO [SimpleAsyncTaskExecutor-1]l.j.s.springboot.springbootscheduler.async.AsyncTask.task1:19 -test logger
2018-09-29 21:05:14.109 INFO [SimpleAsyncTaskExecutor-4]l.j.s.springboot.springbootscheduler.async.AsyncTask.task1:19 -test logger
2018-09-29 21:05:16.526 INFO [SimpleAsyncTaskExecutor-7]l.j.s.springboot.springbootscheduler.async.AsyncTask.task1:19 -test logger
2018-09-29 21:05:17.475 INFO [SimpleAsyncTaskExecutor-10]l.j.s.springboot.springbootscheduler.async.AsyncTask.task1:19 -test logger
2018-09-29 21:05:18.902 INFO [SimpleAsyncTaskExecutor-13]l.j.s.springboot.springbootscheduler.async.AsyncTask.task1:19 -test logger
2018-09-29 21:05:30.141 INFO [SimpleAsyncTaskExecutor-16]l.j.s.springboot.springbootscheduler.async.AsyncTask.task1:19 -test logger
2018-09-29 21:05:32.557 INFO [SimpleAsyncTaskExecutor-19]l.j.s.springboot.springbootscheduler.async.AsyncTask.task1:19 -test logger
2018-09-29 21:06:05.350 INFO [SimpleAsyncTaskExecutor-22]l.j.s.springboot.springbootscheduler.async.AsyncTask.task1:19 -test logger
2018-09-29 21:06:07.084 INFO [SimpleAsyncTaskExecutor-25]l.j.s.springboot.springbootscheduler.async.AsyncTask.task1:19 -test logger
2018-09-29 21:06:08.661 INFO [SimpleAsyncTaskExecutor-28]l.j.s.springboot.springbootscheduler.async.AsyncTask.task1:19 -test logger
2018-09-29 21:09:43.359 INFO [main]l.j.s.s.s.SpringBootSchedulerApplication.logStarting:50 -Starting SpringBootSchedulerApplication on DESKTOP-911MQL6 with PID 11988 (G:\workspace\spring-boot-scheduler\spring-boot-scheduler\target\classes started by DY in G:\workspace\spring-boot-scheduler\spring-boot-scheduler)
2018-09-29 21:09:43.362 INFO [main]l.j.s.s.s.SpringBootSchedulerApplication.logStartupProfileInfo:659 -No active profile set, falling back to default profiles: default
2018-09-29 21:09:43.391 INFO [main]o.s.b.w.s.c.AnnotationConfigServletWebServerApplicationContext.prepareRefresh:590 -Refreshing org.springframework.boot.web.servlet.context.AnnotationConfigServletWebServerApplicationContext@45b9a632: startup date [Sat Sep 29 21:09:43 CST 2018]; root of context hierarchy
2018-09-29 21:09:44.133 INFO [main]o.s.boot.web.embedded.tomcat.TomcatWebServer.initialize:91 -Tomcat initialized with port(s): 8080 (http)
2018-09-29 21:09:44.145 INFO [main]org.apache.coyote.http11.Http11NioProtocol.log:180 -Initializing ProtocolHandler ["http-nio-8080"]
2018-09-29 21:09:44.153 INFO [main]org.apache.catalina.core.StandardService.log:180 -Starting service [Tomcat]
2018-09-29 21:09:44.153 INFO [main]org.apache.catalina.core.StandardEngine.log:180 -Starting Servlet Engine: Apache Tomcat/8.5.31
2018-09-29 21:09:44.160 INFO [localhost-startStop-1]org.apache.catalina.core.AprLifecycleListener.log:180 -The APR based Apache Tomcat Native library which allows optimal performance in production environments was not found on the java.library.path: [D:\Java\jdk1.8.0_161\bin;C:\Windows\Sun\Java\bin;C:\Windows\system32;C:\Windows;C:/Program Files/Java/jre1.8.0_171/bin/server;C:/Program Files/Java/jre1.8.0_171/bin;C:/Program Files/Java/jre1.8.0_171/lib/amd64;F:\桌面整理\360Desktop;C:\Program Files (x86)\Common Files\Oracle\Java\javapath;C:\ProgramData\Oracle\Java\javapath;C:\Windows\system32;C:\Windows;C:\Windows\System32\Wbem;C:\Windows\System32\WindowsPowerShell\v1.0\;C:\Program Files (x86)\NVIDIA Corporation\PhysX\Common;G:\database\mysql\MySQL\MySQL Utilities 1.6\;%JAVA_HOME%\bin;%JAVA_HOME%\jre\bin;C:\Users\DY\AppData\Local\Microsoft\WindowsApps;D:\应用\网络抓包\Fiddler;D:\Maven\apache-maven-3.5.3\bin;;C:\Windows\system32;;.]
2018-09-29 21:09:44.227 INFO [localhost-startStop-1]o.a.catalina.core.ContainerBase.[Tomcat].[localhost].[/].log:180 -Initializing Spring embedded WebApplicationContext
2018-09-29 21:09:44.227 INFO [localhost-startStop-1]org.springframework.web.context.ContextLoader.prepareWebApplicationContext:285 -Root WebApplicationContext: initialization completed in 836 ms
2018-09-29 21:09:44.317 INFO [localhost-startStop-1]o.s.boot.web.servlet.ServletRegistrationBean.addRegistration:185 -Servlet dispatcherServlet mapped to [/]
2018-09-29 21:09:44.320 INFO [localhost-startStop-1]o.s.boot.web.servlet.FilterRegistrationBean.configure:244 -Mapping filter: 'characterEncodingFilter' to: [/*]
2018-09-29 21:09:44.320 INFO [localhost-startStop-1]o.s.boot.web.servlet.FilterRegistrationBean.configure:244 -Mapping filter: 'hiddenHttpMethodFilter' to: [/*]
2018-09-29 21:09:44.321 INFO [localhost-startStop-1]o.s.boot.web.servlet.FilterRegistrationBean.configure:244 -Mapping filter: 'httpPutFormContentFilter' to: [/*]
2018-09-29 21:09:44.321 INFO [localhost-startStop-1]o.s.boot.web.servlet.FilterRegistrationBean.configure:244 -Mapping filter: 'requestContextFilter' to: [/*]
2018-09-29 21:09:44.415 INFO [main]o.s.web.servlet.handler.SimpleUrlHandlerMapping.registerHandler:373 -Mapped URL path [/**/favicon.ico] onto handler of type [class org.springframework.web.servlet.resource.ResourceHttpRequestHandler]
2018-09-29 21:09:44.531 INFO [main]o.s.w.s.m.method.annotation.RequestMappingHandlerAdapter.initControllerAdviceCache:574 -Looking for @ControllerAdvice: org.springframework.boot.web.servlet.context.AnnotationConfigServletWebServerApplicationContext@45b9a632: startup date [Sat Sep 29 21:09:43 CST 2018]; root of context hierarchy
2018-09-29 21:09:44.576 INFO [main]o.s.w.s.m.method.annotation.RequestMappingHandlerMapping.register:547 -Mapped "{[/test],methods=[GET]}" onto public java.lang.String learning.java.spring.springboot.springbootscheduler.controller.RequestConroller.test() throws java.lang.InterruptedException
2018-09-29 21:09:44.577 INFO [main]o.s.w.s.m.method.annotation.RequestMappingHandlerMapping.register:547 -Mapped "{[/testGetAsync],methods=[GET]}" onto public java.lang.String learning.java.spring.springboot.springbootscheduler.controller.RequestConroller.testAsync() throws java.lang.InterruptedException
2018-09-29 21:09:44.578 INFO [main]o.s.w.s.m.method.annotation.RequestMappingHandlerMapping.register:547 -Mapped "{[/error]}" onto public org.springframework.http.ResponseEntity<java.util.Map<java.lang.String, java.lang.Object>> org.springframework.boot.autoconfigure.web.servlet.error.BasicErrorController.error(javax.servlet.http.HttpServletRequest)
2018-09-29 21:09:44.579 INFO [main]o.s.w.s.m.method.annotation.RequestMappingHandlerMapping.register:547 -Mapped "{[/error],produces=[text/html]}" onto public org.springframework.web.servlet.ModelAndView org.springframework.boot.autoconfigure.web.servlet.error.BasicErrorController.errorHtml(javax.servlet.http.HttpServletRequest,javax.servlet.http.HttpServletResponse)
2018-09-29 21:09:44.596 INFO [main]o.s.web.servlet.handler.SimpleUrlHandlerMapping.registerHandler:373 -Mapped URL path [/webjars/**] onto handler of type [class org.springframework.web.servlet.resource.ResourceHttpRequestHandler]
2018-09-29 21:09:44.596 INFO [main]o.s.web.servlet.handler.SimpleUrlHandlerMapping.registerHandler:373 -Mapped URL path [/**] onto handler of type [class org.springframework.web.servlet.resource.ResourceHttpRequestHandler]
2018-09-29 21:09:44.673 INFO [main]o.s.jmx.export.annotation.AnnotationMBeanExporter.afterSingletonsInstantiated:433 -Registering beans for JMX exposure on startup
2018-09-29 21:09:44.680 INFO [main]o.s.s.annotation.ScheduledAnnotationBeanPostProcessor.finishRegistration:275 -No TaskScheduler/ScheduledExecutorService bean found for scheduled processing
2018-09-29 21:09:44.687 INFO [main]org.apache.coyote.http11.Http11NioProtocol.log:180 -Starting ProtocolHandler ["http-nio-8080"]
2018-09-29 21:09:44.695 INFO [main]org.apache.tomcat.util.net.NioSelectorPool.log:180 -Using a shared selector for servlet write/read
2018-09-29 21:09:44.748 INFO [main]o.s.boot.web.embedded.tomcat.TomcatWebServer.start:206 -Tomcat started on port(s): 8080 (http) with context path ''
2018-09-29 21:09:44.750 INFO [main]l.j.s.s.s.SpringBootSchedulerApplication.logStarted:59 -Started SpringBootSchedulerApplication in 1.624 seconds (JVM running for 1.875)
2018-09-29 21:10:09.148 INFO [http-nio-8080-exec-1]o.a.catalina.core.ContainerBase.[Tomcat].[localhost].[/].log:180 -Initializing Spring FrameworkServlet 'dispatcherServlet'
2018-09-29 21:10:09.148 INFO [http-nio-8080-exec-1]org.springframework.web.servlet.DispatcherServlet.initServletBean:494 -FrameworkServlet 'dispatcherServlet': initialization started
2018-09-29 21:10:09.161 INFO [http-nio-8080-exec-1]org.springframework.web.servlet.DispatcherServlet.initServletBean:509 -FrameworkServlet 'dispatcherServlet': initialization completed in 12 ms
2018-09-29 21:10:09.182 INFO [http-nio-8080-exec-1]o.s.s.annotation.AnnotationAsyncExecutionInterceptor.getDefaultExecutor:248 -No task executor bean found for async processing: no bean of type TaskExecutor and no bean named 'taskExecutor' either
2018-09-29 21:10:14.527 INFO [SimpleAsyncTaskExecutor-4]l.j.s.springboot.springbootscheduler.async.AsyncTask.task1:19 -test logger
